  [1m[36m (70.5ms)[0m  [1mCREATE TABLE "schema_migrations" ("version" varchar NOT NULL) [0m
  [1m[35m (0.1ms)[0m  select sqlite_version(*)
  [1m[36m (66.4ms)[0m  [1mCREATE UNIQUE INDEX "unique_schema_migrations" ON "schema_migrations" ("version")[0m
  [1m[35mActiveRecord::SchemaMigration Load (0.1ms)[0m  SELECT "schema_migrations".* FROM "schema_migrations"
Migrating to CreateBooks (20160703122514)
  [1m[36m (0.1ms)[0m  [1mbegin transaction[0m
  [1m[35m (0.5ms)[0m  CREATE TABLE "books" ("id" INTEGER PRIMARY KEY AUTOINCREMENT NOT NULL, "title" varchar, "author" varchar, "total_paginas" integer, "created_at" datetime NOT NULL, "updated_at" datetime NOT NULL) 
  [1m[36mSQL (0.2ms)[0m  [1mINSERT INTO "schema_migrations" ("version") VALUES (?)[0m  [["version", "20160703122514"]]
  [1m[35m (76.4ms)[0m  commit transaction
  [1m[36mActiveRecord::SchemaMigration Load (0.1ms)[0m  [1mSELECT "schema_migrations".* FROM "schema_migrations"[0m


Started GET "/books" for 127.0.0.1 at 2016-07-03 09:29:14 -0300
  [1m[36mActiveRecord::SchemaMigration Load (0.1ms)[0m  [1mSELECT "schema_migrations".* FROM "schema_migrations"[0m
Processing by BooksController#index as HTML
  [1m[35mBook Load (0.2ms)[0m  SELECT "books".* FROM "books"
  Rendered books/index.html.erb within layouts/application (3.2ms)
Completed 200 OK in 986ms (Views: 976.8ms | ActiveRecord: 0.3ms)


Started GET "/assets/books.self-e3b0c44298fc1c149afbf4c8996fb92427ae41e4649b934ca495991b7852b855.css?body=1" for 127.0.0.1 at 2016-07-03 09:29:16 -0300


Started GET "/assets/scaffolds.self-f24ac1c48f5c8ffaa1bfc06597e1d3877ccb77531130e0c572215531d246091d.css?body=1" for 127.0.0.1 at 2016-07-03 09:29:16 -0300


Started GET "/assets/turbolinks.self-c5acd7a204f5f25ce7a1d8a0e4d92e28d34c9e2df2c7371cd7af88e147e4ad82.js?body=1" for 127.0.0.1 at 2016-07-03 09:29:16 -0300


Started GET "/assets/books.self-877aef30ae1b040ab8a3aba4e3e309a11d7f2612f44dde450b5c157aa5f95c05.js?body=1" for 127.0.0.1 at 2016-07-03 09:29:16 -0300


Started GET "/books/new" for 127.0.0.1 at 2016-07-03 09:29:48 -0300
Processing by BooksController#new as HTML
  Rendered books/_form.html.erb (64.0ms)
  Rendered books/new.html.erb within layouts/application (122.2ms)
Completed 200 OK in 146ms (Views: 135.8ms | ActiveRecord: 0.5ms)


Started POST "/books" for 127.0.0.1 at 2016-07-03 09:30:29 -0300
Processing by BooksController#create as HTML
  Parameters: {"utf8"=>"✓", "authenticity_token"=>"fXd4Oprou5uqYQxBhU+jPbDwcl8JpA/zemD2LgHaQq49GUOqLpuAit4oMqgh310KRTi8P7eBARQQEhCEJnTb0A==", "book"=>{"title"=>"Game Of Thrones", "author"=>"George R. R. Martin", "total_paginas"=>"999"}, "commit"=>"Create Book"}
  [1m[36m (0.1ms)[0m  [1mbegin transaction[0m
  [1m[35mSQL (0.3ms)[0m  INSERT INTO "books" ("title", "author", "total_paginas", "created_at", "updated_at") VALUES (?, ?, ?, ?, ?)  [["title", "Game Of Thrones"], ["author", "George R. R. Martin"], ["total_paginas", 999], ["created_at", "2016-07-03 12:30:29.936109"], ["updated_at", "2016-07-03 12:30:29.936109"]]
  [1m[36m (99.4ms)[0m  [1mcommit transaction[0m
Redirected to http://localhost:3000/books/1
Completed 302 Found in 107ms (ActiveRecord: 99.9ms)


Started GET "/books/1" for 127.0.0.1 at 2016-07-03 09:30:30 -0300
Processing by BooksController#show as HTML
  Parameters: {"id"=>"1"}
  [1m[35mBook Load (0.2ms)[0m  SELECT  "books".* FROM "books" WHERE "books"."id" = ? LIMIT 1  [["id", 1]]
  Rendered books/show.html.erb within layouts/application (1.0ms)
Completed 200 OK in 23ms (Views: 17.2ms | ActiveRecord: 0.2ms)


Started GET "/books/1/edit" for 127.0.0.1 at 2016-07-03 09:30:34 -0300
Processing by BooksController#edit as HTML
  Parameters: {"id"=>"1"}
  [1m[36mBook Load (0.1ms)[0m  [1mSELECT  "books".* FROM "books" WHERE "books"."id" = ? LIMIT 1[0m  [["id", 1]]
  Rendered books/_form.html.erb (2.5ms)
  Rendered books/edit.html.erb within layouts/application (3.9ms)
Completed 200 OK in 21ms (Views: 19.5ms | ActiveRecord: 0.1ms)


Started PATCH "/books/1" for 127.0.0.1 at 2016-07-03 09:30:43 -0300
Processing by BooksController#update as HTML
  Parameters: {"utf8"=>"✓", "authenticity_token"=>"AQaV3Cm2og0d4nlNFzOZ+hTyre0VRt9QlE3iaWM7FRdBaK5MncWZHGmrR6Szo2fN4Tpjjatj0bf+PwTDRJWMaQ==", "book"=>{"title"=>"Game Of Thrones", "author"=>"George R. R. Martin", "total_paginas"=>"1000"}, "commit"=>"Update Book", "id"=>"1"}
  [1m[35mBook Load (0.1ms)[0m  SELECT  "books".* FROM "books" WHERE "books"."id" = ? LIMIT 1  [["id", 1]]
  [1m[36m (0.1ms)[0m  [1mbegin transaction[0m
  [1m[35mSQL (0.3ms)[0m  UPDATE "books" SET "total_paginas" = ?, "updated_at" = ? WHERE "books"."id" = ?  [["total_paginas", 1000], ["updated_at", "2016-07-03 12:30:43.752725"], ["id", 1]]
  [1m[36m (67.1ms)[0m  [1mcommit transaction[0m
Redirected to http://localhost:3000/books/1
Completed 302 Found in 73ms (ActiveRecord: 67.6ms)


Started GET "/books/1" for 127.0.0.1 at 2016-07-03 09:30:43 -0300
Processing by BooksController#show as HTML
  Parameters: {"id"=>"1"}
  [1m[35mBook Load (0.2ms)[0m  SELECT  "books".* FROM "books" WHERE "books"."id" = ? LIMIT 1  [["id", 1]]
  Rendered books/show.html.erb within layouts/application (0.6ms)
Completed 200 OK in 20ms (Views: 18.9ms | ActiveRecord: 0.2ms)


Started GET "/books" for 127.0.0.1 at 2016-07-03 09:30:50 -0300
Processing by BooksController#index as HTML
  [1m[36mBook Load (0.3ms)[0m  [1mSELECT "books".* FROM "books"[0m
  Rendered books/index.html.erb within layouts/application (2.2ms)
Completed 200 OK in 29ms (Views: 27.6ms | ActiveRecord: 0.3ms)
